\BOOKMARK [0][-]{Item.3}{\376\377\000B\000i\000o\000s\000k\000e\000t\000c\000h}{}% 1
\BOOKMARK [0][-]{section*.4}{\376\377\000A\000c\000k\000n\000o\000w\000l\000e\000d\000g\000e\000m\000e\000n\000t\000s}{}% 2
\BOOKMARK [0][-]{section*.5}{\376\377\000A\000b\000s\000t\000r\000a\000c\000t}{}% 3
\BOOKMARK [0][-]{chapter.12}{\376\377\000t\000h\000e\000s\000i\000s\000B\000l\000u\000e\000\040\000I\000n\000t\000r\000o\000d\000u\000c\000t\000i\000o\000n}{}% 4
\BOOKMARK [1][-]{section.13}{\376\377\000T\000h\000e\000\040\000V\000i\000s\000u\000a\000l\000\040\000H\000e\000i\000r\000a\000r\000c\000h\000y}{chapter.12}% 5
\BOOKMARK [2][-]{subsection.15}{\376\377\000S\000u\000b\000s\000e\000c\000t\000i\000o\000n\000\040\0001}{section.13}% 6
\BOOKMARK [1][-]{section.16}{\376\377\000T\000h\000e\000\040\000N\000e\000u\000r\000a\000l\000\040\000R\000e\000s\000p\000o\000n\000s\000e\000\040\000F\000u\000n\000c\000t\000i\000o\000n}{chapter.12}% 7
\BOOKMARK [2][-]{subsection.18}{\376\377\000T\000u\000n\000i\000n\000g\000\040\000i\000n\000\040\000O\000n\000e\000\040\000D\000i\000m\000e\000n\000s\000i\000o\000n}{section.16}% 8
\BOOKMARK [2][-]{subsection.24}{\376\377\000n\000D\000\040\000S\000t\000i\000m\000u\000l\000u\000s\000\040\000S\000p\000a\000c\000e\000s\000:\000\040\000M\000u\000l\000t\000i\000p\000l\000e\000\040\000F\000e\000a\000t\000u\000r\000e\000s}{section.16}% 9
\BOOKMARK [2][-]{subsection.27}{\376\377\000n\000D\000\040\000R\000e\000s\000p\000o\000n\000s\000e\000\040\000S\000p\000a\000c\000e\000s\000:\000\040\000M\000u\000l\000t\000i\000p\000l\000e\000\040\000N\000e\000u\000r\000o\000n\000s}{section.16}% 10
\BOOKMARK [2][-]{subsection.29}{\376\377\000N\000e\000x\000t\000\040\000S\000t\000e\000p\000s}{section.16}% 11
\BOOKMARK [0][-]{chapter.30}{\376\377\000t\000h\000e\000s\000i\000s\000B\000l\000u\000e\000\040\000N\000e\000u\000r\000o\000n\000a\000l\000\040\000M\000o\000d\000u\000l\000a\000t\000i\000o\000n\000\040\000D\000e\000p\000e\000n\000d\000s\000\040\000o\000n\000\040\000C\000o\000n\000t\000e\000x\000t\000\040\000a\000n\000d\000\040\000F\000e\000a\000t\000u\000r\000e\000\040\000T\000u\000n\000i\000n\000g}{}% 12
\BOOKMARK [0][-]{chapter.83}{\376\377\000t\000h\000e\000s\000i\000s\000B\000l\000u\000e\000\040\000H\000i\000g\000h\000\040\000D\000i\000m\000e\000n\000s\000i\000o\000n\000a\000l\000\040\000S\000t\000i\000m\000u\000l\000u\000s\000\040\000s\000p\000a\000c\000e\000s\000\040\000f\000o\000r\000\040\000n\000e\000u\000r\000a\000l\000\040\000d\000a\000t\000a}{}% 13
\BOOKMARK [0][-]{chapter.108}{\376\377\000N\000e\000u\000r\000a\000l\000\040\000M\000a\000n\000a\000f\000o\000l\000d\000\040\000A\000p\000p\000r\000o\000x\000i\000m\000a\000t\000i\000o\000n\000\040\000w\000i\000t\000h\000\040\000P\000a\000r\000t\000i\000c\000l\000e\000\040\000S\000w\000a\000r\000m\000\040\000\050\000n\000M\000A\000P\000S\000\051}{}% 14
\BOOKMARK [1][-]{section.109}{\376\377\000I\000n\000t\000r\000o\000d\000u\000c\000t\000i\000o\000n}{chapter.108}% 15
\BOOKMARK [1][-]{section.110}{\376\377\000R\000o\000y\000a\000l\000B\000l\000u\000e\000!\0005\0000\000!\000b\000l\000a\000c\000k\000\040\000M\000e\000t\000h\000o\000d\000s}{chapter.108}% 16
\BOOKMARK [2][-]{subsection.111}{\376\377\000R\000e\000s\000e\000a\000r\000c\000h\000\040\000s\000u\000b\000j\000e\000c\000t}{section.110}% 17
\BOOKMARK [2][-]{subsection.112}{\376\377\000G\000e\000n\000e\000r\000a\000t\000i\000v\000e\000\040\000A\000d\000v\000e\000r\000s\000a\000r\000i\000a\000l\000\040\000N\000e\000t\000w\000o\000r\000k\000s}{section.110}% 18
\BOOKMARK [2][-]{subsection.113}{\376\377\000P\000a\000r\000t\000i\000c\000l\000e\000\040\000S\000w\000a\000r\000m}{section.110}% 19
\BOOKMARK [2][-]{subsection.120}{\376\377\000G\000e\000n\000e\000t\000i\000c\000\040\000A\000l\000g\000o\000r\000i\000t\000h\000m}{section.110}% 20
\BOOKMARK [2][-]{subsection.121}{\376\377\000E\000l\000e\000c\000t\000r\000i\000c\000a\000l\000\040\000R\000e\000c\000o\000r\000d\000i\000n\000g\000s}{section.110}% 21
\BOOKMARK [2][-]{subsection.122}{\376\377\000D\000a\000t\000a\000\040\000A\000n\000a\000l\000y\000s\000i\000s}{section.110}% 22
\BOOKMARK [1][-]{section.123}{\376\377\000H\000i\000g\000h\000-\000D\000i\000m\000e\000n\000s\000i\000o\000n\000a\000l\000\040\000F\000e\000a\000t\000u\000r\000e\000\040\000T\000u\000n\000i\000n\000g}{chapter.108}% 23
\BOOKMARK [2][-]{subsection.124}{\376\377\000N\000e\000u\000r\000o\000n\000s\000\040\000m\000u\000l\000t\000i\000p\000l\000e\000x}{section.123}% 24
\BOOKMARK [2][-]{subsection.125}{\376\377\000H\000o\000w\000\040\000t\000h\000e\000y\000\040\000m\000u\000l\000t\000i\000p\000l\000e\000x\000\040\000i\000s\000\040\000a\000\040\000m\000y\000s\000t\000e\000r\000y\000\040\000i\000n\000\040\000V\0004}{section.123}% 25
\BOOKMARK [2][-]{subsection.126}{\376\377\000S\000t\000i\000m\000u\000l\000u\000s\000\040\000e\000n\000c\000o\000d\000i\000n\000g\000\040\000i\000s\000\040\000a\000\040\000p\000o\000p\000u\000l\000a\000t\000i\000o\000n\000-\000l\000e\000v\000e\000l\000\040\000p\000r\000o\000b\000l\000e\000m}{section.123}% 26
\BOOKMARK [1][-]{section.127}{\376\377\000H\000i\000g\000h\000-\000d\000i\000m\000e\000n\000s\000i\000o\000n\000a\000l\000\040\000f\000e\000a\000t\000u\000r\000e\000\040\000s\000p\000a\000c\000e\000s\000\040\000\050\000G\000A\000N\000\051}{chapter.108}% 27
\BOOKMARK [2][-]{subsection.128}{\376\377\000W\000T\000F\000\040\000i\000s\000\040\000a\000\040\000l\000a\000t\000e\000n\000t\000\040\000v\000a\000r\000i\000a\000b\000l\000e\000\040\000m\000o\000d\000e\000l}{section.127}% 28
\BOOKMARK [2][-]{subsection.129}{\376\377\000W\000T\000F\000\040\000i\000s\000\040\000a\000\040\000G\000A\000N\000?\000\040\000a\000l\000s\000o\000\040\000w\000h\000y\000\040\000w\000o\000u\000l\000d\000\040\000y\000o\000u\000\040\000d\000o\000\040\000t\000h\000i\000s\000\040\000t\000o\000\040\000y\000o\000u\000r\000s\000e\000l\000f\000?}{section.127}% 29
\BOOKMARK [1][-]{section.130}{\376\377\000C\000o\000m\000p\000a\000r\000i\000n\000g\000\040\000t\000w\000o\000\040\000h\000i\000g\000h\000-\000d\000i\000m\000e\000n\000s\000i\000o\000n\000a\000l\000\040\000s\000p\000a\000c\000e\000s}{chapter.108}% 30
\BOOKMARK [2][-]{subsection.131}{\376\377\000P\000o\000p\000u\000l\000a\000t\000i\000o\000n\000-\000l\000e\000v\000e\000l\000\040\000r\000e\000s\000u\000l\000t\000s}{section.130}% 31
\BOOKMARK [2][-]{subsection.132}{\376\377\000I\000n\000d\000i\000v\000i\000d\000u\000a\000l\000\040\000N\000e\000u\000r\000o\000n\000\040\000r\000e\000s\000u\000l\000t\000s}{section.130}% 32
\BOOKMARK [2][-]{subsection.133}{\376\377\000C\000o\000n\000v\000e\000r\000t\000i\000n\000g\000\040\000"\000l\000a\000t\000e\000n\000t\000s\000"\000\040\000b\000a\000c\000k\000\040\000i\000n\000t\000o\000\040\000e\000n\000g\000l\000i\000s\000h}{section.130}% 33
\BOOKMARK [0][-]{chapter*.134}{\376\377\000B\000i\000b\000l\000i\000o\000g\000r\000a\000p\000h\000y}{}% 34
